  Funcs.cpp
Funcs.cpp(15): warning C4267: “初始化”: 从“size_t”转换到“int”，可能丢失数据
Funcs.cpp(32): warning C4267: “初始化”: 从“size_t”转换到“int”，可能丢失数据
Funcs.cpp(49): warning C4267: “初始化”: 从“size_t”转换到“int”，可能丢失数据
Funcs.cpp(66): warning C4267: “初始化”: 从“size_t”转换到“int”，可能丢失数据
Funcs.cpp(85): warning C4267: “初始化”: 从“size_t”转换到“int”，可能丢失数据
Funcs.cpp(90): warning C4267: “=”: 从“size_t”转换到“int”，可能丢失数据
  norPrint.cpp
  PskPrinter.cpp
PskPrinter.cpp(481): warning C4101: “lpDisplayBuf”: 未引用的局部变量
PskPrinter.cpp(603): warning C4101: “e”: 未引用的局部变量
PskPrinter.cpp(675): warning C4101: “e”: 未引用的局部变量
PskPrinter.cpp(760): warning C4101: “e”: 未引用的局部变量
PskPrinter.cpp(840): warning C4101: “e”: 未引用的局部变量
PskPrinter.cpp(911): warning C4101: “e”: 未引用的局部变量
  TscPrinter.cpp
TscPrinter.cpp(558): warning C4101: “lpDisplayBuf”: 未引用的局部变量
  ZbraPrinter.cpp
ZbraPrinter.cpp(41): warning C4129: “^”: 不可识别的字符转义序列
ZbraPrinter.cpp(61): warning C4129: “^”: 不可识别的字符转义序列
ZbraPrinter.cpp(14): warning C4101: “buff”: 未引用的局部变量
ZbraPrinter.cpp(122): warning C4267: “参数”: 从“size_t”转换到“DWORD”，可能丢失数据
ZbraPrinter.cpp(173): warning C4129: “^”: 不可识别的字符转义序列
ZbraPrinter.cpp(195): warning C4129: “^”: 不可识别的字符转义序列
ZbraPrinter.cpp(203): warning C4129: “^”: 不可识别的字符转义序列
ZbraPrinter.cpp(147): warning C4101: “buff”: 未引用的局部变量
ZbraPrinter.cpp(259): warning C4267: “参数”: 从“size_t”转换到“DWORD”，可能丢失数据
ZbraPrinter.cpp(319): warning C4129: “^”: 不可识别的字符转义序列
ZbraPrinter.cpp(341): warning C4129: “^”: 不可识别的字符转义序列
ZbraPrinter.cpp(286): warning C4101: “buff”: 未引用的局部变量
ZbraPrinter.cpp(398): warning C4267: “参数”: 从“size_t”转换到“DWORD”，可能丢失数据
    正在创建库 D:\projectCy\normalPrint\x64\Release\normalPrint.lib 和对象 D:\projectCy\normalPrint\x64\Release\normalPrint.exp
  正在生成代码
  All 272 functions were compiled because no usable IPDB/IOBJ from previous compilation was found.
  已完成代码的生成
  normalPrint.vcxproj -> D:\projectCy\normalPrint\x64\Release\normalPrint.dll
  已复制         1 个文件。
